<?xml version="1.0" encoding="UTF-8"?>
<!-- Generated by org.testng.reporters.JUnitReportReporter -->
<testsuite hostname="LAPTOP-OQRM63HH" failures="0" tests="5" name="com.facebook.testscript.LogInTester" time="7.242" errors="0" timestamp="2022-03-24T06:50:33 IST" skipped="1">
  <testcase classname="com.facebook.testscript.LogInTester" name="loginPageTester" time="2.667"/>
  <system-out>
    <![CDATA[passed]]>
  </system-out>
  <testcase classname="com.facebook.testscript.LogInTester" name="loginButtonCheck" time="1.556"/>
  <system-out/>
  <testcase classname="com.facebook.testscript.LogInTester" name="loginLogoDisplay" time="1.436"/>
  <system-out/>
  <testcase classname="com.facebook.testscript.LogInTester" name="TextChecker" time="1.583"/>
  <system-out/>
  <testcase classname="com.facebook.testscript.LogInTester" name="excel">
    <skipped/>
  </testcase> <!-- excel -->
  <system-out/>
</testsuite> <!-- com.facebook.testscript.LogInTester -->
