<?xml version="1.0" encoding="UTF-8"?>
<!-- Generated by org.testng.reporters.JUnitReportReporter -->
<testsuite hostname="LAPTOP-OQRM63HH" failures="0" tests="5" name="com.facebook.testscript.LogInTester" time="4.455" errors="0" timestamp="2022-03-24T06:54:31 IST" skipped="1">
  <testcase classname="com.facebook.testscript.LogInTester" name="loginLogoDisplay" time="1.014"/>
  <system-out/>
  <testcase classname="com.facebook.testscript.LogInTester" name="TextChecker" time="0.764"/>
  <system-out/>
  <testcase classname="com.facebook.testscript.LogInTester" name="loginButtonCheck" time="1.612"/>
  <system-out/>
  <testcase classname="com.facebook.testscript.LogInTester" name="loginPageTester" time="1.065"/>
  <system-out>
    <![CDATA[passed]]>
  </system-out>
  <testcase classname="com.facebook.testscript.LogInTester" name="excel">
    <skipped/>
  </testcase> <!-- excel -->
  <system-out/>
</testsuite> <!-- com.facebook.testscript.LogInTester -->
